<?xml version="1.0" encoding="UTF-8"?>
<!-- Generated by org.testng.reporters.JUnitXMLReporter -->
<testsuite ignored="0" hostname="V-Shafik" failures="1" tests="1" name="Surefire test" time="19.659" errors="0" timestamp="2025-02-15T01:54:53 EET">
  <testcase classname="testcases.OrderTest" name="testflow" time="11.122">
    <failure type="java.lang.NullPointerException" message="Cannot invoke &amp;quot;org.openqa.selenium.support.ui.WebDriverWait.until(java.util.function.Function)&amp;quot; because &amp;quot;this.wait&amp;quot; is null">
      <![CDATA[java.lang.NullPointerException: Cannot invoke "org.openqa.selenium.support.ui.WebDriverWait.until(java.util.function.Function)" because "this.wait" is null
at pages.LoginPage.myAccountLoginClick(LoginPage.java:42)
at testcases.OrderTest.testflow(OrderTest.java:34)
at java.base/java.util.ArrayList.forEach(ArrayList.java:1511)
... Removed 32 stack frames]]>
    </failure>
  </testcase> <!-- testflow -->
</testsuite> <!-- Surefire test -->
